<?xml version='1.0'?>
<ns2:test-suite xmlns:ns2='urn:model.allure.qatools.yandex.ru' start='1721132870784' stop='1721132924637'>
    <name>WishList</name>
    <title>WishList</title>
    <test-cases>
        <test-case start='1721132870784' status='failed' stop='1721132896160'>
            <name>TestCase_006: Verify that User can Add Product To WishList</name>
            <title>TestCase_006: Verify that User can Add Product To WishList</title>
            <labels/>
            <parameters/>
            <steps/>
            <attachments/>
            <failure>
                <message>Timed out retrying after 4000ms: Expected to find element: `//a[@id='mz-product-grid-image-41-212439']//div[@class='carousel-item active']//img[@title='iMac']`, but never found it.</message>
                <stack-trace>AssertionError: Timed out retrying after 4000ms: Expected to find element: `//a[@id='mz-product-grid-image-41-212439']//div[@class='carousel-item active']//img[@title='iMac']`, but never found it.
                    at P05_WishListClass.iMacAddToWishList (webpack://e-commerce-automation-cypress/./cypress/e2e/pages/P05_WishList.js:29:40)
                    at Context.eval (webpack://e-commerce-automation-cypress/./cypress/e2e/TestCases/T05_WishList.cy.js:15:17)</stack-trace>
            </failure>
        </test-case>
        <test-case start='1721132896250' status='passed' stop='1721132914129'>
            <name>TestCase_007: Verify that User can Delete Product From WishList</name>
            <title>TestCase_007: Verify that User can Delete Product From WishList</title>
            <labels/>
            <parameters/>
            <steps/>
            <attachments/>
        </test-case>
        <test-case start='1721132914145' status='failed' stop='1721132924614'>
            <name>TestCase_008: Verify that User can Add Product To Cart From WishList</name>
            <title>TestCase_008: Verify that User can Add Product To Cart From WishList</title>
            <labels/>
            <parameters/>
            <steps/>
            <attachments/>
            <failure>
                <message>Timed out retrying after 4000ms: Expected to find element: `//button[@title='Add to Cart']`, but never found it.</message>
                <stack-trace>AssertionError: Timed out retrying after 4000ms: Expected to find element: `//button[@title='Add to Cart']`, but never found it.
                    at P05_WishListClass.AddToCartFromWishListItem (webpack://e-commerce-automation-cypress/./cypress/e2e/pages/P05_WishList.js:46:11)
                    at Context.eval (webpack://e-commerce-automation-cypress/./cypress/e2e/TestCases/T05_WishList.cy.js:31:17)</stack-trace>
            </failure>
        </test-case>
    </test-cases>
</ns2:test-suite>